2025-09-06 13:34:48,113 - PageObject/client_start_stop.py - 26 - INFO - 启动客户端成功
2025-09-06 13:34:49,649 - Base/baseAutoClient.py - 63 - DEBUG - login_studnum图片对象在屏幕上
2025-09-06 13:34:50,934 - Base/baseAutoClient.py - 105 - DEBUG - 查找图片login_studnum，位置True，偏移位置(150, 0)，点击True, 成功
2025-09-06 13:34:51,040 - Base/baseAutoClient.py - 144 - DEBUG - 键盘输入:('201901010103',)
2025-09-06 13:34:51,040 - PageObject/client_start_stop.py - 38 - INFO - 输入学号成功:201901010103
2025-09-06 13:34:51,147 - Base/baseAutoClient.py - 63 - DEBUG - login_password图片对象在屏幕上
2025-09-06 13:34:52,434 - Base/baseAutoClient.py - 105 - DEBUG - 查找图片login_password，位置True，偏移位置(150, 0)，点击True, 成功
2025-09-06 13:34:52,535 - Base/baseAutoClient.py - 144 - DEBUG - 键盘输入:('123',)
2025-09-06 13:34:52,535 - PageObject/client_start_stop.py - 42 - INFO - 输入密码成功:123
2025-09-06 13:34:52,659 - Base/baseAutoClient.py - 63 - DEBUG - login_stuteach_btn图片对象在屏幕上
2025-09-06 13:34:53,485 - Base/baseAutoClient.py - 93 - DEBUG - 移动到图片login_stuteach_btn位置True， 点击Point(x=968, y=712)成功
2025-09-06 13:34:53,485 - Base/baseAutoClient.py - 94 - DEBUG - 移动到图片login_stuteach_btn位置成功
2025-09-06 13:34:54,618 - Base/baseAutoClient.py - 63 - DEBUG - loginok_student图片对象在屏幕上
2025-09-06 13:34:54,619 - PageObject/client_start_stop.py - 51 - INFO - 学生账号登录成功
2025-09-06 13:34:54,771 - PageObject/client_start_stop.py - 31 - INFO - 关闭客户端成功
2025-09-06 13:34:56,783 - PageObject/client_start_stop.py - 26 - INFO - 启动客户端成功
2025-09-06 13:34:58,322 - Base/baseAutoClient.py - 63 - DEBUG - login_studnum图片对象在屏幕上
2025-09-06 13:34:59,601 - Base/baseAutoClient.py - 105 - DEBUG - 查找图片login_studnum，位置True，偏移位置(150, 0)，点击True, 成功
2025-09-06 13:34:59,703 - Base/baseAutoClient.py - 144 - DEBUG - 键盘输入:('123',)
2025-09-06 13:34:59,703 - PageObject/client_start_stop.py - 38 - INFO - 输入学号成功:123
2025-09-06 13:34:59,817 - Base/baseAutoClient.py - 63 - DEBUG - login_password图片对象在屏幕上
2025-09-06 13:35:01,102 - Base/baseAutoClient.py - 105 - DEBUG - 查找图片login_password，位置True，偏移位置(150, 0)，点击True, 成功
2025-09-06 13:35:01,204 - Base/baseAutoClient.py - 144 - DEBUG - 键盘输入:('123',)
2025-09-06 13:35:01,204 - PageObject/client_start_stop.py - 42 - INFO - 输入密码成功:123
2025-09-06 13:35:01,327 - Base/baseAutoClient.py - 63 - DEBUG - login_stuteach_btn图片对象在屏幕上
2025-09-06 13:35:02,152 - Base/baseAutoClient.py - 93 - DEBUG - 移动到图片login_stuteach_btn位置True， 点击Point(x=968, y=712)成功
2025-09-06 13:35:02,152 - Base/baseAutoClient.py - 94 - DEBUG - 移动到图片login_stuteach_btn位置成功
2025-09-06 13:35:02,297 - Base/baseAutoClient.py - 63 - DEBUG - loginok_teacher图片对象在屏幕上
2025-09-06 13:35:02,298 - PageObject/client_start_stop.py - 54 - INFO - 教师账号登录成功
2025-09-06 13:35:02,448 - PageObject/client_start_stop.py - 31 - INFO - 关闭客户端成功
