2025-09-06 20:00:36,693 - PageObject/client_start_stop.py - 26 - INFO - 启动客户端成功
2025-09-06 20:00:38,295 - Base/baseAutoClient.py - 63 - DEBUG - login_studnum图片对象在屏幕上
2025-09-06 20:00:39,590 - Base/baseAutoClient.py - 105 - DEBUG - 查找图片login_studnum，位置True，偏移位置(150, 0)，点击True, 成功
2025-09-06 20:00:39,700 - Base/baseAutoClient.py - 144 - DEBUG - 键盘输入:('201901010103',)
2025-09-06 20:00:39,700 - PageObject/client_start_stop.py - 38 - INFO - 输入学号成功:201901010103
2025-09-06 20:00:39,825 - Base/baseAutoClient.py - 63 - DEBUG - login_password图片对象在屏幕上
2025-09-06 20:00:41,106 - Base/baseAutoClient.py - 105 - DEBUG - 查找图片login_password，位置True，偏移位置(150, 0)，点击True, 成功
2025-09-06 20:00:41,209 - Base/baseAutoClient.py - 144 - DEBUG - 键盘输入:('123',)
2025-09-06 20:00:41,209 - PageObject/client_start_stop.py - 42 - INFO - 输入密码成功:123
2025-09-06 20:00:41,341 - Base/baseAutoClient.py - 63 - DEBUG - login_stuteach_btn图片对象在屏幕上
2025-09-06 20:00:42,174 - Base/baseAutoClient.py - 93 - DEBUG - 移动到图片login_stuteach_btn位置True， 点击Point(x=968, y=712)成功
2025-09-06 20:00:42,174 - Base/baseAutoClient.py - 94 - DEBUG - 移动到图片login_stuteach_btn位置成功
2025-09-06 20:00:43,308 - Base/baseAutoClient.py - 63 - DEBUG - loginok_student图片对象在屏幕上
2025-09-06 20:00:43,309 - PageObject/client_start_stop.py - 51 - INFO - 学生账号登录成功
2025-09-06 20:00:43,469 - PageObject/client_start_stop.py - 31 - INFO - 关闭客户端成功
2025-09-06 20:00:45,477 - PageObject/client_start_stop.py - 26 - INFO - 启动客户端成功
2025-09-06 20:00:47,126 - Base/baseAutoClient.py - 63 - DEBUG - login_studnum图片对象在屏幕上
2025-09-06 20:00:48,408 - Base/baseAutoClient.py - 105 - DEBUG - 查找图片login_studnum，位置True，偏移位置(150, 0)，点击True, 成功
2025-09-06 20:00:48,510 - Base/baseAutoClient.py - 144 - DEBUG - 键盘输入:('123',)
2025-09-06 20:00:48,510 - PageObject/client_start_stop.py - 38 - INFO - 输入学号成功:123
2025-09-06 20:00:53,518 - Base/baseAutoClient.py - 73 - DEBUG - login_password图片对象不在屏幕上
2025-09-06 20:00:53,622 - Base/baseAutoClient.py - 81 - ERROR - 方法：rel_click_picture，查找图片login_password位置，当前屏幕无此内容，以截屏
2025-09-06 20:00:54,014 - PageObject/client_start_stop.py - 31 - INFO - 关闭客户端成功
2025-09-06 20:00:56,175 - Base/baseSendNginx.py - 98 - INFO - html 报告存在开始发送到nginx: D:\github_program\TestFramework_Po\Report\HTML\auto_report.html
2025-09-06 20:00:56,175 - Base/baseSendNginx.py - 48 - INFO - common: scp -v -r -P 22 -o ConnectTimeout=10 -o PreferredAuthentications=publickey -o ServerAliveInterval=30 -o ServerAliveCountMax=3 D:\github_program\TestFramework_Po\Report\HTML\auto_report.html root@113.44.217.121:/usr/share/nginx/html/report/html\auto_report_20250906_200056.html
2025-09-06 20:00:56,901 - Base/baseSendNginx.py - 57 - INFO - 报告发送成功
