2025-09-06 19:58:29,597 - PageObject/client_start_stop.py - 26 - INFO - 启动客户端成功
2025-09-06 19:58:31,235 - Base/baseAutoClient.py - 63 - DEBUG - login_studnum图片对象在屏幕上
2025-09-06 19:58:32,518 - Base/baseAutoClient.py - 105 - DEBUG - 查找图片login_studnum，位置True，偏移位置(150, 0)，点击True, 成功
2025-09-06 19:58:32,628 - Base/baseAutoClient.py - 144 - DEBUG - 键盘输入:('201901010103',)
2025-09-06 19:58:32,628 - PageObject/client_start_stop.py - 38 - INFO - 输入学号成功:201901010103
2025-09-06 19:58:32,756 - Base/baseAutoClient.py - 63 - DEBUG - login_password图片对象在屏幕上
2025-09-06 19:58:34,051 - Base/baseAutoClient.py - 105 - DEBUG - 查找图片login_password，位置True，偏移位置(150, 0)，点击True, 成功
2025-09-06 19:58:34,154 - Base/baseAutoClient.py - 144 - DEBUG - 键盘输入:('123',)
2025-09-06 19:58:34,154 - PageObject/client_start_stop.py - 42 - INFO - 输入密码成功:123
2025-09-06 19:58:34,284 - Base/baseAutoClient.py - 63 - DEBUG - login_stuteach_btn图片对象在屏幕上
2025-09-06 19:58:35,101 - Base/baseAutoClient.py - 93 - DEBUG - 移动到图片login_stuteach_btn位置True， 点击Point(x=968, y=712)成功
2025-09-06 19:58:35,101 - Base/baseAutoClient.py - 94 - DEBUG - 移动到图片login_stuteach_btn位置成功
2025-09-06 19:58:41,171 - Base/baseAutoClient.py - 73 - DEBUG - loginok_student图片对象不在屏幕上
2025-09-06 19:58:41,540 - PageObject/client_start_stop.py - 31 - INFO - 关闭客户端成功
2025-09-06 19:58:43,547 - PageObject/client_start_stop.py - 26 - INFO - 启动客户端成功
2025-09-06 19:58:45,153 - Base/baseAutoClient.py - 63 - DEBUG - login_studnum图片对象在屏幕上
2025-09-06 19:58:46,435 - Base/baseAutoClient.py - 105 - DEBUG - 查找图片login_studnum，位置True，偏移位置(150, 0)，点击True, 成功
2025-09-06 19:58:46,537 - Base/baseAutoClient.py - 144 - DEBUG - 键盘输入:('123',)
2025-09-06 19:58:46,537 - PageObject/client_start_stop.py - 38 - INFO - 输入学号成功:123
2025-09-06 19:58:46,652 - Base/baseAutoClient.py - 63 - DEBUG - login_password图片对象在屏幕上
2025-09-06 19:58:47,935 - Base/baseAutoClient.py - 105 - DEBUG - 查找图片login_password，位置True，偏移位置(150, 0)，点击True, 成功
2025-09-06 19:58:48,038 - Base/baseAutoClient.py - 144 - DEBUG - 键盘输入:('123',)
2025-09-06 19:58:48,038 - PageObject/client_start_stop.py - 42 - INFO - 输入密码成功:123
2025-09-06 19:58:48,167 - Base/baseAutoClient.py - 63 - DEBUG - login_stuteach_btn图片对象在屏幕上
2025-09-06 19:58:48,985 - Base/baseAutoClient.py - 93 - DEBUG - 移动到图片login_stuteach_btn位置True， 点击Point(x=968, y=712)成功
2025-09-06 19:58:48,985 - Base/baseAutoClient.py - 94 - DEBUG - 移动到图片login_stuteach_btn位置成功
2025-09-06 19:58:49,127 - Base/baseAutoClient.py - 63 - DEBUG - loginok_teacher图片对象在屏幕上
2025-09-06 19:58:49,127 - PageObject/client_start_stop.py - 54 - INFO - 教师账号登录成功
2025-09-06 19:58:49,268 - PageObject/client_start_stop.py - 31 - INFO - 关闭客户端成功
2025-09-06 19:59:03,824 - Base/baseSendNginx.py - 76 - INFO - allure 报告存在准备发送到nginx: D:\github_program\TestFramework_Po\Report\ALLURE\Report
2025-09-06 19:59:03,824 - Base/baseSendNginx.py - 48 - INFO - common: scp -v -r -P 22 -o ConnectTimeout=10 -o PreferredAuthentications=publickey -o ServerAliveInterval=30 -o ServerAliveCountMax=3 D:\github_program\TestFramework_Po\Report\ALLURE\Report root@113.44.217.121:/usr/share/nginx/html/report/allure\Report_20250906_195903
2025-09-06 19:59:06,317 - Base/baseSendNginx.py - 57 - INFO - 报告发送成功
