2025-09-06 00:53:46,326 - PageObject/client_start_stop.py - 26 - INFO - 启动客户端成功
2025-09-06 00:53:48,063 - Base/baseAutoClient.py - 63 - DEBUG - login_studnum图片对象在屏幕上
2025-09-06 00:53:49,354 - Base/baseAutoClient.py - 105 - DEBUG - 查找图片login_studnum，位置True，偏移位置(150, 0)，点击True, 成功
2025-09-06 00:53:49,466 - Base/baseAutoClient.py - 144 - DEBUG - 键盘输入:('201901010103',)
2025-09-06 00:53:49,466 - PageObject/client_start_stop.py - 38 - INFO - 输入学号成功:201901010103
2025-09-06 00:53:49,596 - Base/baseAutoClient.py - 63 - DEBUG - login_password图片对象在屏幕上
2025-09-06 00:53:50,887 - Base/baseAutoClient.py - 105 - DEBUG - 查找图片login_password，位置True，偏移位置(150, 0)，点击True, 成功
2025-09-06 00:53:50,999 - Base/baseAutoClient.py - 144 - DEBUG - 键盘输入:('123',)
2025-09-06 00:53:50,999 - PageObject/client_start_stop.py - 42 - INFO - 输入密码成功:123
2025-09-06 00:53:51,132 - Base/baseAutoClient.py - 63 - DEBUG - login_stuteach_btn图片对象在屏幕上
2025-09-06 00:53:51,951 - Base/baseAutoClient.py - 93 - DEBUG - 移动到图片login_stuteach_btn位置True， 点击Point(x=971, y=757)成功
2025-09-06 00:53:51,952 - Base/baseAutoClient.py - 94 - DEBUG - 移动到图片login_stuteach_btn位置成功
2025-09-06 00:53:53,095 - Base/baseAutoClient.py - 63 - DEBUG - loginok_student图片对象在屏幕上
2025-09-06 00:53:53,096 - PageObject/client_start_stop.py - 51 - INFO - 学生账号登录成功
2025-09-06 00:53:53,270 - PageObject/client_start_stop.py - 31 - INFO - 关闭客户端成功
2025-09-06 00:53:55,287 - PageObject/client_start_stop.py - 26 - INFO - 启动客户端成功
2025-09-06 00:53:57,095 - Base/baseAutoClient.py - 63 - DEBUG - login_studnum图片对象在屏幕上
2025-09-06 00:53:58,406 - Base/baseAutoClient.py - 105 - DEBUG - 查找图片login_studnum，位置True，偏移位置(150, 0)，点击True, 成功
2025-09-06 00:53:58,519 - Base/baseAutoClient.py - 144 - DEBUG - 键盘输入:('123',)
2025-09-06 00:53:58,520 - PageObject/client_start_stop.py - 38 - INFO - 输入学号成功:123
2025-09-06 00:53:58,653 - Base/baseAutoClient.py - 63 - DEBUG - login_password图片对象在屏幕上
2025-09-06 00:53:59,943 - Base/baseAutoClient.py - 105 - DEBUG - 查找图片login_password，位置True，偏移位置(150, 0)，点击True, 成功
2025-09-06 00:54:00,053 - Base/baseAutoClient.py - 144 - DEBUG - 键盘输入:('123',)
2025-09-06 00:54:00,053 - PageObject/client_start_stop.py - 42 - INFO - 输入密码成功:123
2025-09-06 00:54:00,174 - Base/baseAutoClient.py - 63 - DEBUG - login_stuteach_btn图片对象在屏幕上
2025-09-06 00:54:00,991 - Base/baseAutoClient.py - 93 - DEBUG - 移动到图片login_stuteach_btn位置True， 点击Point(x=971, y=757)成功
2025-09-06 00:54:00,992 - Base/baseAutoClient.py - 94 - DEBUG - 移动到图片login_stuteach_btn位置成功
2025-09-06 00:54:01,182 - Base/baseAutoClient.py - 63 - DEBUG - loginok_teacher图片对象在屏幕上
2025-09-06 00:54:01,183 - PageObject/client_start_stop.py - 54 - INFO - 教师账号登录成功
2025-09-06 00:54:01,355 - PageObject/client_start_stop.py - 31 - INFO - 关闭客户端成功
