2025-09-06 19:57:48,285 - PageObject/client_start_stop.py - 26 - INFO - 启动客户端成功
2025-09-06 19:57:50,390 - Base/baseAutoClient.py - 63 - DEBUG - login_studnum图片对象在屏幕上
2025-09-06 19:57:51,683 - Base/baseAutoClient.py - 105 - DEBUG - 查找图片login_studnum，位置True，偏移位置(150, 0)，点击True, 成功
2025-09-06 19:57:51,793 - Base/baseAutoClient.py - 144 - DEBUG - 键盘输入:('201901010103',)
2025-09-06 19:57:51,793 - PageObject/client_start_stop.py - 38 - INFO - 输入学号成功:201901010103
2025-09-06 19:57:51,907 - Base/baseAutoClient.py - 63 - DEBUG - login_password图片对象在屏幕上
2025-09-06 19:57:53,200 - Base/baseAutoClient.py - 105 - DEBUG - 查找图片login_password，位置True，偏移位置(150, 0)，点击True, 成功
2025-09-06 19:57:53,304 - Base/baseAutoClient.py - 144 - DEBUG - 键盘输入:('123',)
2025-09-06 19:57:53,304 - PageObject/client_start_stop.py - 42 - INFO - 输入密码成功:123
2025-09-06 19:57:53,423 - Base/baseAutoClient.py - 63 - DEBUG - login_stuteach_btn图片对象在屏幕上
2025-09-06 19:57:54,250 - Base/baseAutoClient.py - 93 - DEBUG - 移动到图片login_stuteach_btn位置True， 点击Point(x=968, y=712)成功
2025-09-06 19:57:54,250 - Base/baseAutoClient.py - 94 - DEBUG - 移动到图片login_stuteach_btn位置成功
2025-09-06 19:57:55,409 - Base/baseAutoClient.py - 63 - DEBUG - loginok_student图片对象在屏幕上
2025-09-06 19:57:55,409 - PageObject/client_start_stop.py - 51 - INFO - 学生账号登录成功
2025-09-06 19:57:55,550 - PageObject/client_start_stop.py - 31 - INFO - 关闭客户端成功
2025-09-06 19:57:57,554 - PageObject/client_start_stop.py - 26 - INFO - 启动客户端成功
2025-09-06 19:57:59,156 - Base/baseAutoClient.py - 63 - DEBUG - login_studnum图片对象在屏幕上
2025-09-06 19:58:00,448 - Base/baseAutoClient.py - 105 - DEBUG - 查找图片login_studnum，位置True，偏移位置(150, 0)，点击True, 成功
2025-09-06 19:58:00,551 - Base/baseAutoClient.py - 144 - DEBUG - 键盘输入:('123',)
2025-09-06 19:58:00,551 - PageObject/client_start_stop.py - 38 - INFO - 输入学号成功:123
2025-09-06 19:58:00,666 - Base/baseAutoClient.py - 63 - DEBUG - login_password图片对象在屏幕上
2025-09-06 19:58:01,951 - Base/baseAutoClient.py - 105 - DEBUG - 查找图片login_password，位置True，偏移位置(150, 0)，点击True, 成功
2025-09-06 19:58:02,053 - Base/baseAutoClient.py - 144 - DEBUG - 键盘输入:('123',)
2025-09-06 19:58:02,053 - PageObject/client_start_stop.py - 42 - INFO - 输入密码成功:123
2025-09-06 19:58:02,175 - Base/baseAutoClient.py - 63 - DEBUG - login_stuteach_btn图片对象在屏幕上
2025-09-06 19:58:03,000 - Base/baseAutoClient.py - 93 - DEBUG - 移动到图片login_stuteach_btn位置True， 点击Point(x=968, y=712)成功
2025-09-06 19:58:03,000 - Base/baseAutoClient.py - 94 - DEBUG - 移动到图片login_stuteach_btn位置成功
2025-09-06 19:58:03,141 - Base/baseAutoClient.py - 63 - DEBUG - loginok_teacher图片对象在屏幕上
2025-09-06 19:58:03,142 - PageObject/client_start_stop.py - 54 - INFO - 教师账号登录成功
2025-09-06 19:58:03,289 - PageObject/client_start_stop.py - 31 - INFO - 关闭客户端成功
2025-09-06 19:58:05,444 - Base/baseSendNginx.py - 98 - INFO - html 报告存在开始发送到nginx: D:\github_program\TestFramework_Po\Report\HTML\auto_report.html
2025-09-06 19:58:05,444 - Base/baseSendNginx.py - 48 - INFO - common: scp -v -r -P 22 -o ConnectTimeout=10 -o PreferredAuthentications=publickey -o ServerAliveInterval=30 -o ServerAliveCountMax=3 D:\github_program\TestFramework_Po\Report\HTML\auto_report.html root@113.44.217.121:/usr/share/nginx/html/report/html\auto_report_20250906_195805.html
2025-09-06 19:58:06,135 - Base/baseSendNginx.py - 57 - INFO - 报告发送成功
